<?xml version="1.0" encoding="UTF-8"?>
<testsuite name="Academy Choucair" tests="1" skipped="0" failures="0" errors="0" timestamp="2021-06-01T05:58:54" hostname="DESKTOP-JJIMJMH" time="31.028">
  <properties/>
  <testcase name="Search for a automation course" classname="Academy Choucair" time="31.028"/>
  <system-out><![CDATA[]]></system-out>
  <system-err><![CDATA[[Test worker] WARN net.thucydides.core.steps.BaseStepListener - stepStarted: net.thucydides.core.steps.ExecutedStepDescription@5cf66adc
[Test worker] WARN net.thucydides.core.steps.BaseStepListener - stepStarted: net.thucydides.core.steps.ExecutedStepDescription@6e38855e
[Test worker] WARN net.thucydides.core.steps.BaseStepListener - stepStarted: net.thucydides.core.steps.ExecutedStepDescription@7958723c
jun 01, 2021 12:58:55 AM org.openqa.selenium.remote.DesiredCapabilities chrome
INFORMACIÓN: Using `new ChromeOptions()` is preferred to `DesiredCapabilities.chrome()`
[Test worker] INFO net.serenitybdd.core.webdriver.driverproviders.ProvideNewDriver - Instantiating driver
[Test worker] INFO net.serenitybdd.core.webdriver.driverproviders.ProvideNewDriver - Driver capabilities: Capabilities {acceptInsecureCerts: false, browserName: chrome, chrome.switches: --start-maximized, goog:chromeOptions: {args: [--start-maximized], extensions: []}, loggingPrefs: org.openqa.selenium.logging..., platform: ANY, version: }
Starting ChromeDriver 91.0.4472.19 (1bf021f248676a0b2ab3ee0561d83a59e424c23e-refs/branch-heads/4472@{#288}) on port 17612
Only local connections are allowed.
Please see https://chromedriver.chromium.org/security-considerations for suggestions on keeping ChromeDriver safe.
ChromeDriver was started successfully.
jun 01, 2021 12:58:57 AM org.openqa.selenium.remote.ProtocolHandshake createSession
INFORMACIÓN: Detected dialect: W3C
[Test worker] WARN net.thucydides.core.steps.BaseStepListener - stepFinished: current outcome:Search for a automation course:Given than brandon wants to learn automation at the academy Choucair
| strUser | strPassword |
| 1048016472 | Choucair2021* | [Brandon open up [Brandon opens the Choucar academy page]]
[Test worker] WARN net.thucydides.core.steps.BaseStepListener - stepFinished: current outcome:Search for a automation course:Given than brandon wants to learn automation at the academy Choucair
| strUser | strPassword |
| 1048016472 | Choucair2021* | [Brandon open up [Brandon opens the Choucar academy page]]
[Test worker] WARN net.thucydides.core.steps.BaseStepListener - stepStarted: net.thucydides.core.steps.ExecutedStepDescription@2263a6ce
[Test worker] WARN net.thucydides.core.steps.BaseStepListener - stepStarted: net.thucydides.core.steps.ExecutedStepDescription@61dabc3f
[Test worker] WARN net.thucydides.core.steps.BaseStepListener - stepFinished: current outcome:Search for a automation course:Given than brandon wants to learn automation at the academy Choucair
| strUser | strPassword |
| 1048016472 | Choucair2021* | [Brandon open up [Brandon opens the Choucar academy page], Brandon login [Brandon clicks on button that shows us the form to login]]
[Test worker] WARN net.thucydides.core.steps.BaseStepListener - stepStarted: net.thucydides.core.steps.ExecutedStepDescription@3371c458
[Test worker] WARN net.thucydides.core.steps.BaseStepListener - stepFinished: current outcome:Search for a automation course:Given than brandon wants to learn automation at the academy Choucair
| strUser | strPassword |
| 1048016472 | Choucair2021* | [Brandon open up [Brandon opens the Choucar academy page], Brandon login [Brandon clicks on button that shows us the form to login, Brandon enters '1048016472' into where do we write user]]
[Test worker] WARN net.thucydides.core.steps.BaseStepListener - stepStarted: net.thucydides.core.steps.ExecutedStepDescription@51349537
[Test worker] WARN net.thucydides.core.steps.BaseStepListener - stepFinished: current outcome:Search for a automation course:Given than brandon wants to learn automation at the academy Choucair
| strUser | strPassword |
| 1048016472 | Choucair2021* | [Brandon open up [Brandon opens the Choucar academy page], Brandon login [Brandon clicks on button that shows us the form to login, Brandon enters '1048016472' into where do we write user, Brandon enters 'Choucair2021*' into where do we write password]]
[Test worker] WARN net.thucydides.core.steps.BaseStepListener - stepStarted: net.thucydides.core.steps.ExecutedStepDescription@6008fd32
[Test worker] WARN net.thucydides.core.steps.BaseStepListener - stepFinished: current outcome:Search for a automation course:Given than brandon wants to learn automation at the academy Choucair
| strUser | strPassword |
| 1048016472 | Choucair2021* | [Brandon open up [Brandon opens the Choucar academy page], Brandon login [Brandon clicks on button that shows us the form to login, Brandon enters '1048016472' into where do we write user, Brandon enters 'Choucair2021*' into where do we write password, Brandon clicks on button to confirm login]]
[Test worker] WARN net.thucydides.core.steps.BaseStepListener - stepFinished: current outcome:Search for a automation course:Given than brandon wants to learn automation at the academy Choucair
| strUser | strPassword |
| 1048016472 | Choucair2021* | [Brandon open up [Brandon opens the Choucar academy page], Brandon login [Brandon clicks on button that shows us the form to login, Brandon enters '1048016472' into where do we write user, Brandon enters 'Choucair2021*' into where do we write password, Brandon clicks on button to confirm login]]
[Test worker] WARN net.thucydides.core.steps.BaseStepListener - stepFinished: current outcome:Search for a automation course:Given than brandon wants to learn automation at the academy Choucair
| strUser | strPassword |
| 1048016472 | Choucair2021* | [Brandon open up [Brandon opens the Choucar academy page], Brandon login [Brandon clicks on button that shows us the form to login, Brandon enters '1048016472' into where do we write user, Brandon enters 'Choucair2021*' into where do we write password, Brandon clicks on button to confirm login]]
[Test worker] WARN net.thucydides.core.steps.BaseStepListener - stepStarted: net.thucydides.core.steps.ExecutedStepDescription@4a7f4750
[Test worker] WARN net.thucydides.core.steps.BaseStepListener - stepStarted: net.thucydides.core.steps.ExecutedStepDescription@2b3fcd77
[Test worker] WARN net.thucydides.core.steps.BaseStepListener - stepStarted: net.thucydides.core.steps.ExecutedStepDescription@77e1e5ca
[Test worker] WARN net.thucydides.core.steps.BaseStepListener - stepFinished: current outcome:Search for a automation course:Given than brandon wants to learn automation at the academy Choucair
| strUser | strPassword |
| 1048016472 | Choucair2021* | [Brandon open up [Brandon opens the Choucar academy page], Brandon login [Brandon clicks on button that shows us the form to login, Brandon enters '1048016472' into where do we write user, Brandon enters 'Choucair2021*' into where do we write password, Brandon clicks on button to confirm login]], When he search for the course on the choucair academy platform
| strCourse |
| ISTQB - Test Automation Engineer | [Brandon search [Brandon clicks on Seleccione cursos y certificaciones]]
[Test worker] WARN net.thucydides.core.steps.BaseStepListener - stepStarted: net.thucydides.core.steps.ExecutedStepDescription@2d43ac24
[Test worker] WARN net.thucydides.core.steps.BaseStepListener - stepFinished: current outcome:Search for a automation course:Given than brandon wants to learn automation at the academy Choucair
| strUser | strPassword |
| 1048016472 | Choucair2021* | [Brandon open up [Brandon opens the Choucar academy page], Brandon login [Brandon clicks on button that shows us the form to login, Brandon enters '1048016472' into where do we write user, Brandon enters 'Choucair2021*' into where do we write password, Brandon clicks on button to confirm login]], When he search for the course on the choucair academy platform
| strCourse |
| ISTQB - Test Automation Engineer | [Brandon search [Brandon clicks on Seleccione cursos y certificaciones, Brandon enters 'ISTQB - Test Automation Engineer' into Buscar el curso]]
[Test worker] WARN net.thucydides.core.steps.BaseStepListener - stepStarted: net.thucydides.core.steps.ExecutedStepDescription@f48a225
[Test worker] WARN net.thucydides.core.steps.BaseStepListener - stepFinished: current outcome:Search for a automation course:Given than brandon wants to learn automation at the academy Choucair
| strUser | strPassword |
| 1048016472 | Choucair2021* | [Brandon open up [Brandon opens the Choucar academy page], Brandon login [Brandon clicks on button that shows us the form to login, Brandon enters '1048016472' into where do we write user, Brandon enters 'Choucair2021*' into where do we write password, Brandon clicks on button to confirm login]], When he search for the course on the choucair academy platform
| strCourse |
| ISTQB - Test Automation Engineer | [Brandon search [Brandon clicks on Seleccione cursos y certificaciones, Brandon enters 'ISTQB - Test Automation Engineer' into Buscar el curso, Brandon clicks on Da click para buscar el curso]]
[Test worker] WARN net.thucydides.core.steps.BaseStepListener - stepStarted: net.thucydides.core.steps.ExecutedStepDescription@3a1c1008
[Test worker] WARN net.thucydides.core.steps.BaseStepListener - stepFinished: current outcome:Search for a automation course:Given than brandon wants to learn automation at the academy Choucair
| strUser | strPassword |
| 1048016472 | Choucair2021* | [Brandon open up [Brandon opens the Choucar academy page], Brandon login [Brandon clicks on button that shows us the form to login, Brandon enters '1048016472' into where do we write user, Brandon enters 'Choucair2021*' into where do we write password, Brandon clicks on button to confirm login]], When he search for the course on the choucair academy platform
| strCourse |
| ISTQB - Test Automation Engineer | [Brandon search [Brandon clicks on Seleccione cursos y certificaciones, Brandon enters 'ISTQB - Test Automation Engineer' into Buscar el curso, Brandon clicks on Da click para buscar el curso, Brandon clicks on Da click para buscar el curso]]
[Test worker] WARN net.thucydides.core.steps.BaseStepListener - stepFinished: current outcome:Search for a automation course:Given than brandon wants to learn automation at the academy Choucair
| strUser | strPassword |
| 1048016472 | Choucair2021* | [Brandon open up [Brandon opens the Choucar academy page], Brandon login [Brandon clicks on button that shows us the form to login, Brandon enters '1048016472' into where do we write user, Brandon enters 'Choucair2021*' into where do we write password, Brandon clicks on button to confirm login]], When he search for the course on the choucair academy platform
| strCourse |
| ISTQB - Test Automation Engineer | [Brandon search [Brandon clicks on Seleccione cursos y certificaciones, Brandon enters 'ISTQB - Test Automation Engineer' into Buscar el curso, Brandon clicks on Da click para buscar el curso, Brandon clicks on Da click para buscar el curso]]
[Test worker] WARN net.thucydides.core.steps.BaseStepListener - stepFinished: current outcome:Search for a automation course:Given than brandon wants to learn automation at the academy Choucair
| strUser | strPassword |
| 1048016472 | Choucair2021* | [Brandon open up [Brandon opens the Choucar academy page], Brandon login [Brandon clicks on button that shows us the form to login, Brandon enters '1048016472' into where do we write user, Brandon enters 'Choucair2021*' into where do we write password, Brandon clicks on button to confirm login]], When he search for the course on the choucair academy platform
| strCourse |
| ISTQB - Test Automation Engineer | [Brandon search [Brandon clicks on Seleccione cursos y certificaciones, Brandon enters 'ISTQB - Test Automation Engineer' into Buscar el curso, Brandon clicks on Da click para buscar el curso, Brandon clicks on Da click para buscar el curso]]
[Test worker] WARN net.thucydides.core.steps.BaseStepListener - stepStarted: net.thucydides.core.steps.ExecutedStepDescription@3ea8c459
[Test worker] WARN net.thucydides.core.steps.BaseStepListener - stepStarted: net.thucydides.core.steps.ExecutedStepDescription@750b349f
[Test worker] WARN net.thucydides.core.steps.BaseStepListener - stepFinished: current outcome:Search for a automation course:Given than brandon wants to learn automation at the academy Choucair
| strUser | strPassword |
| 1048016472 | Choucair2021* | [Brandon open up [Brandon opens the Choucar academy page], Brandon login [Brandon clicks on button that shows us the form to login, Brandon enters '1048016472' into where do we write user, Brandon enters 'Choucair2021*' into where do we write password, Brandon clicks on button to confirm login]], When he search for the course on the choucair academy platform
| strCourse |
| ISTQB - Test Automation Engineer | [Brandon search [Brandon clicks on Seleccione cursos y certificaciones, Brandon enters 'ISTQB - Test Automation Engineer' into Buscar el curso, Brandon clicks on Da click para buscar el curso, Brandon clicks on Da click para buscar el curso]], Then he finds the course called resources
| strCourse |
| ISTQB - Test Automation Engineer | [Then answer]
[Test worker] WARN net.thucydides.core.steps.BaseStepListener - stepFinished: current outcome:Search for a automation course:Given than brandon wants to learn automation at the academy Choucair
| strUser | strPassword |
| 1048016472 | Choucair2021* | [Brandon open up [Brandon opens the Choucar academy page], Brandon login [Brandon clicks on button that shows us the form to login, Brandon enters '1048016472' into where do we write user, Brandon enters 'Choucair2021*' into where do we write password, Brandon clicks on button to confirm login]], When he search for the course on the choucair academy platform
| strCourse |
| ISTQB - Test Automation Engineer | [Brandon search [Brandon clicks on Seleccione cursos y certificaciones, Brandon enters 'ISTQB - Test Automation Engineer' into Buscar el curso, Brandon clicks on Da click para buscar el curso, Brandon clicks on Da click para buscar el curso]], Then he finds the course called resources
| strCourse |
| ISTQB - Test Automation Engineer | [Then answer]
[Test worker] WARN net.thucydides.core.steps.BaseStepListener - testFinished: Search for a automation course:Given than brandon wants to learn automation at the academy Choucair
| strUser | strPassword |
| 1048016472 | Choucair2021* | [Brandon open up [Brandon opens the Choucar academy page], Brandon login [Brandon clicks on button that shows us the form to login, Brandon enters '1048016472' into where do we write user, Brandon enters 'Choucair2021*' into where do we write password, Brandon clicks on button to confirm login]], When he search for the course on the choucair academy platform
| strCourse |
| ISTQB - Test Automation Engineer | [Brandon search [Brandon clicks on Seleccione cursos y certificaciones, Brandon enters 'ISTQB - Test Automation Engineer' into Buscar el curso, Brandon clicks on Da click para buscar el curso, Brandon clicks on Da click para buscar el curso]], Then he finds the course called resources
| strCourse |
| ISTQB - Test Automation Engineer | [Then answer]
[Test worker] WARN net.thucydides.core.steps.BaseStepListener - TestOutcomes: [Search for a automation course:Given than brandon wants to learn automation at the academy Choucair
| strUser | strPassword |
| 1048016472 | Choucair2021* | [Brandon open up [Brandon opens the Choucar academy page], Brandon login [Brandon clicks on button that shows us the form to login, Brandon enters '1048016472' into where do we write user, Brandon enters 'Choucair2021*' into where do we write password, Brandon clicks on button to confirm login]], When he search for the course on the choucair academy platform
| strCourse |
| ISTQB - Test Automation Engineer | [Brandon search [Brandon clicks on Seleccione cursos y certificaciones, Brandon enters 'ISTQB - Test Automation Engineer' into Buscar el curso, Brandon clicks on Da click para buscar el curso, Brandon clicks on Da click para buscar el curso]], Then he finds the course called resources
| strCourse |
| ISTQB - Test Automation Engineer | [Then answer]]
[Test worker] WARN net.thucydides.core.steps.BaseStepListener - Final testOutcomes: [Search for a automation course:Given than brandon wants to learn automation at the academy Choucair
| strUser | strPassword |
| 1048016472 | Choucair2021* | [Brandon open up [Brandon opens the Choucar academy page], Brandon login [Brandon clicks on button that shows us the form to login, Brandon enters '1048016472' into where do we write user, Brandon enters 'Choucair2021*' into where do we write password, Brandon clicks on button to confirm login]], When he search for the course on the choucair academy platform
| strCourse |
| ISTQB - Test Automation Engineer | [Brandon search [Brandon clicks on Seleccione cursos y certificaciones, Brandon enters 'ISTQB - Test Automation Engineer' into Buscar el curso, Brandon clicks on Da click para buscar el curso, Brandon clicks on Da click para buscar el curso]], Then he finds the course called resources
| strCourse |
| ISTQB - Test Automation Engineer | [Then answer]]
[Test worker] INFO net.thucydides.core.steps.ConsoleLoggingListener - 
        __    _____ _____ ____ _____   ____   _    ____  ____  _____ ____  
  _     \ \  |_   _| ____/ ___|_   _| |  _ \ / \  / ___|/ ___|| ____|  _ \ 
 (_)_____| |   | | |  _| \___ \ | |   | |_) / _ \ \___ \\___ \|  _| | | | |
  _|_____| |   | | | |___ ___) || |   |  __/ ___ \ ___) |___) | |___| |_| |
 (_)     | |   |_| |_____|____/ |_|   |_| /_/   \_\____/|____/|_____|____/ 
        /_/                                                                

TEST PASSED: Search for a automation course
----------------------------------------------------------------------------
]]></system-err>
</testsuite>
